###############################################################################
#                                                                             #
#     IAR Assembler V7.40.5.9725/W32 for ARM 24/Oct/2023  13:43:55            #
#     Copyright 1999-2015 IAR Systems AB.                                     #
#                                                                             #
#           Source file   =  E:\Project\GasDetector\OpticalCavityType\GSA-97x\FW\REV1.52_20231024\Base\startup_stm32f103xe.s#
#           List file     =  E:\Project\GasDetector\OpticalCavityType\GSA-97x\FW\REV1.52_20231024\Debug\List\startup_stm32f103xe.lst#
#           Object file   =  E:\Project\GasDetector\OpticalCavityType\GSA-97x\FW\REV1.52_20231024\Debug\Obj\startup_stm32f103xe.o#
#           Command line  =  E:\Project\GasDetector\OpticalCavityType\GSA-97x\FW\REV1.52_20231024\Base\startup_stm32f103xe.s #
#                            -OE:\Project\GasDetector\OpticalCavityType\GSA-97x\FW\REV1.52_20231024\Debug\Obj #
#                            -s+ -M<> -w+ -r                                  #
#                            -LE:\Project\GasDetector\OpticalCavityType\GSA-97x\FW\REV1.52_20231024\Debug\List #
#                            -cAOM -i -B -t8 -xDI2 --cpu Cortex-M3 --fpu      #
#                            None                                             #
#                                                                             #
###############################################################################

    1                           ;******************** (C) COPYRIGHT 2017
                                 STMicroelectronics ********************

    2                           ;* File Name          : startup_stm32f103xe.s

    3                           ;* Author             : MCD Application
                                 Team

    4                           ;* Version            : V4.2.0

    5                           ;* Date               : 31-March-2017

    6                           ;* Description        : STM32F103xE Performanc
                                e Line Devices vector table for EWARM
                                 toolchain.

    7                           ;*                      This module performs:

    8                           ;*                      - Set the initial
                                 SP

    9                           ;*                      - Set the initial PC
                                 == __iar_program_start,

   10                           ;*                      - Set the vector table
                                 entries with the exceptions ISR 

   11                           ;*                        address.

   12                           ;*                      - Configure the system
                                 clock

   13                           ;*                      - Branches to main in
                                 the C library (which eventually

   14                           ;*                        calls main()).

   15                           ;*                      After Reset the
                                 Cortex-M3 processor is in Thread mode,

   16                           ;*                      priority is Privileged
                                , and the Stack is set to Main.

   17                           ;*********************************************
                                ***********************************

   18                           ;* 

   19                           ;* <h2><center>&copy; COPYRIGHT(c) 2017
                                 STMicroelectronics</center></h2>

   20                           ;* 

   21                           ;* Redistribution and use in source and binary
                                 forms, with or without modification,

   22                           ;* are permitted provided that the following
                                 conditions are met:

   23                           ;*   1. Redistributions of source code must
                                 retain the above copyright notice,

   24                           ;*      this list of conditions and the
                                 following disclaimer.

   25                           ;*   2. Redistributions in binary form must
                                 reproduce the above copyright notice,

   26                           ;*      this list of conditions and the
                                 following disclaimer in the documentation

   27                           ;*      and/or other materials provided with
                                 the distribution.

   28                           ;*   3. Neither the name of STMicroelectronics
                                 nor the names of its contributors

   29                           ;*      may be used to endorse or promote
                                 products derived from this software

   30                           ;*      without specific prior written
                                 permission.

   31                           ;* 

   32                           ;* THIS SOFTWARE IS PROVIDED BY THE COPYRIGHT
                                 HOLDERS AND CONTRIBUTORS "AS IS"

   33                           ;* AND ANY EXPRESS OR IMPLIED WARRANTIES,
                                 INCLUDING, BUT NOT LIMITED TO, THE

   34                           ;* IMPLIED WARRANTIES OF MERCHANTABILITY AND
                                 FITNESS FOR A PARTICULAR PURPOSE ARE

   35                           ;* DISCLAIMED. IN NO EVENT SHALL THE COPYRIGHT
                                 HOLDER OR CONTRIBUTORS BE LIABLE

   36                           ;* FOR ANY DIRECT, INDIRECT, INCIDENTAL,
                                 SPECIAL, EXEMPLARY, OR CONSEQUENTIAL

   37                           ;* DAMAGES (INCLUDING, BUT NOT LIMITED TO,
                                 PROCUREMENT OF SUBSTITUTE GOODS OR

   38                           ;* SERVICES; LOSS OF USE, DATA, OR PROFITS; OR
                                 BUSINESS INTERRUPTION) HOWEVER

   39                           ;* CAUSED AND ON ANY THEORY OF LIABILITY,
                                 WHETHER IN CONTRACT, STRICT LIABILITY,

   40                           ;* OR TORT (INCLUDING NEGLIGENCE OR OTHERWISE)
                                 ARISING IN ANY WAY OUT OF THE USE

   41                           ;* OF THIS SOFTWARE, EVEN IF ADVISED OF THE
                                 POSSIBILITY OF SUCH DAMAGE.

   42                           ;* 

   43                           ;*********************************************
                                **********************************

   44                           ;

   45                           ;

   46                           ; The modules in this file are included in the
                                 libraries, and may be replaced

   47                           ; by any user-defined modules that define the
                                 PUBLIC symbol _program_start or

   48                           ; a user defined start symbol.

   49                           ; To override the cstartup defined in the
                                 library, simply add your modified

   50                           ; version to the workbench project.

   51                           ;

   52                           ; The vector table is normally located at
                                 address 0.

   53                           ; When debugging in RAM, it can be located in
                                 RAM, aligned to at least 2^6.

   54                           ; The name "__vector_table" has special
                                 meaning for C-SPY:

   55                           ; it is where the SP start value is found, and
                                 the NVIC vector

   56                           ; table register (VTOR) is initialized to this
                                 address if != 0.

   57                           ;

   58                           ; Cortex-M version

   59                           ;     

   60                             

   61                               MODULE  ?cstartup

   62                                   

   63                                   ;; Forward declaration of sections.

   64                                   SECTION CSTACK:DATA:NOROOT(3)

   65                           

   66                                   SECTION .intvec:CODE:NOROOT(2)

   67                           

   68                                   EXTERN  __iar_program_start

   69                                   EXTERN  SystemInit        

   70                                   PUBLIC  __vector_table

   71                           

   72                                   DATA

   73                                  

   74                           __vector_table

   75    00000000 ........              DCD     sfe(CSTACK)

   76    00000004 ........              DCD     Reset_Handler             ;
  Reset Handler

   77    00000008 ........              DCD     NMI_Handler               ; NMI
  Handler

   78    0000000C ........              DCD     HardFault_Handler         ;
  Hard Fault Handler

   79    00000010 ........              DCD     MemManage_Handler         ; MPU
  Fault Handler

   80    00000014 ........              DCD     BusFault_Handler          ; Bus
  Fault Handler

   81    00000018 ........              DCD     UsageFault_Handler        ;
  Usage Fault Handler

   82    0000001C 00000000              DCD     0                         ;
  Reserved

   83    00000020 00000000              DCD     0                         ;
  Reserved

   84    00000024 00000000              DCD     0                         ;
  Reserved

   85    00000028 00000000              DCD     0                         ;
  Reserved

   86    0000002C ........              DCD     SVC_Handler               ;
  SVCall Handler

   87    00000030 ........              DCD     DebugMon_Handler          ;
  Debug Monitor Handler

   88    00000034 00000000              DCD     0                         ;
  Reserved

   89    00000038 ........              DCD     PendSV_Handler            ;
  PendSV Handler

   90    0000003C ........              DCD     SysTick_Handler           ;
  SysTick Handler

   91                           

   92                                    ; External Interrupts

   93    00000040 ........              DCD     WWDG_IRQHandler           ;
  Window Watchdog

   94    00000044 ........              DCD     PVD_IRQHandler            ; PVD
  through EXTI Line detect

   95    00000048 ........              DCD     TAMPER_IRQHandler         ;
  Tamper

   96    0000004C ........              DCD     RTC_IRQHandler            ;
  RTC

   97    00000050 ........              DCD     FLASH_IRQHandler          ;
  Flash

   98    00000054 ........              DCD     RCC_IRQHandler            ;
  RCC

   99    00000058 ........              DCD     EXTI0_IRQHandler          ;
  EXTI Line 0

  100    0000005C ........              DCD     EXTI1_IRQHandler          ;
  EXTI Line 1

  101    00000060 ........              DCD     EXTI2_IRQHandler          ;
  EXTI Line 2

  102    00000064 ........              DCD     EXTI3_IRQHandler          ;
  EXTI Line 3

  103    00000068 ........              DCD     EXTI4_IRQHandler          ;
  EXTI Line 4

  104    0000006C ........              DCD     DMA1_Channel1_IRQHandler  ;
  DMA1 Channel 1

  105    00000070 ........              DCD     DMA1_Channel2_IRQHandler  ;
  DMA1 Channel 2

  106    00000074 ........              DCD     DMA1_Channel3_IRQHandler  ;
  DMA1 Channel 3

  107    00000078 ........              DCD     DMA1_Channel4_IRQHandler  ;
  DMA1 Channel 4

  108    0000007C ........              DCD     DMA1_Channel5_IRQHandler  ;
  DMA1 Channel 5

  109    00000080 ........              DCD     DMA1_Channel6_IRQHandler  ;
  DMA1 Channel 6

  110    00000084 ........              DCD     DMA1_Channel7_IRQHandler  ;
  DMA1 Channel 7

  111    00000088 ........              DCD     ADC1_2_IRQHandler         ;
  ADC1 & ADC2

  112    0000008C ........              DCD     USB_HP_CAN1_TX_IRQHandler  ;
  USB High Priority or CAN1 TX

  113    00000090 ........              DCD     USB_LP_CAN1_RX0_IRQHandler ;
  USB Low  Priority or CAN1 RX0

  114    00000094 ........              DCD     CAN1_RX1_IRQHandler       ;
  CAN1 RX1

  115    00000098 ........              DCD     CAN1_SCE_IRQHandler       ;
  CAN1 SCE

  116    0000009C ........              DCD     EXTI9_5_IRQHandler        ;
  EXTI Line 9..5

  117    000000A0 ........              DCD     TIM1_BRK_IRQHandler       ;
  TIM1 Break

  118    000000A4 ........              DCD     TIM1_UP_IRQHandler        ;
  TIM1 Update

  119    000000A8 ........              DCD     TIM1_TRG_COM_IRQHandler   ;
  TIM1 Trigger and Commutation

  120    000000AC ........              DCD     TIM1_CC_IRQHandler        ;
  TIM1 Capture Compare

  121    000000B0 ........              DCD     TIM2_IRQHandler           ;
  TIM2

  122    000000B4 ........              DCD     TIM3_IRQHandler           ;
  TIM3

  123    000000B8 ........              DCD     TIM4_IRQHandler           ;
  TIM4

  124    000000BC ........              DCD     I2C1_EV_IRQHandler        ;
  I2C1 Event

  125    000000C0 ........              DCD     I2C1_ER_IRQHandler        ;
  I2C1 Error

  126    000000C4 ........              DCD     I2C2_EV_IRQHandler        ;
  I2C2 Event

  127    000000C8 ........              DCD     I2C2_ER_IRQHandler        ;
  I2C2 Error

  128    000000CC ........              DCD     SPI1_IRQHandler           ;
  SPI1

  129    000000D0 ........              DCD     SPI2_IRQHandler           ;
  SPI2

  130    000000D4 ........              DCD     USART1_IRQHandler         ;
  USART1

  131    000000D8 ........              DCD     USART2_IRQHandler         ;
  USART2

  132    000000DC ........              DCD     USART3_IRQHandler         ;
  USART3

  133    000000E0 ........              DCD     EXTI15_10_IRQHandler      ;
  EXTI Line 15..10

  134    000000E4 ........              DCD     RTC_Alarm_IRQHandler       ;
  RTC Alarm through EXTI Line

  135    000000E8 ........              DCD     USBWakeUp_IRQHandler      ; USB
  Wakeup from suspend

  136    000000EC ........              DCD     TIM8_BRK_IRQHandler       ;
  TIM8 Break

  137    000000F0 ........              DCD     TIM8_UP_IRQHandler        ;
  TIM8 Update

  138    000000F4 ........              DCD     TIM8_TRG_COM_IRQHandler   ;
  TIM8 Trigger and Commutation

  139    000000F8 ........              DCD     TIM8_CC_IRQHandler        ;
  TIM8 Capture Compare

  140    000000FC ........              DCD     ADC3_IRQHandler           ;
  ADC3

  141    00000100 ........              DCD     FSMC_IRQHandler           ;
  FSMC

  142    00000104 ........              DCD     SDIO_IRQHandler           ;
  SDIO

  143    00000108 ........              DCD     TIM5_IRQHandler           ;
  TIM5

  144    0000010C ........              DCD     SPI3_IRQHandler           ;
  SPI3

  145    00000110 ........              DCD     UART4_IRQHandler          ;
  UART4

  146    00000114 ........              DCD     UART5_IRQHandler          ;
  UART5

  147    00000118 ........              DCD     TIM6_IRQHandler           ;
  TIM6

  148    0000011C ........              DCD     TIM7_IRQHandler           ;
  TIM7

  149    00000120 ........              DCD     DMA2_Channel1_IRQHandler  ;
  DMA2 Channel1

  150    00000124 ........              DCD     DMA2_Channel2_IRQHandler  ;
  DMA2 Channel2

  151    00000128 ........              DCD     DMA2_Channel3_IRQHandler  ;
  DMA2 Channel3

  152    0000012C ........              DCD     DMA2_Channel4_5_IRQHandler ;
  DMA2 Channel4 & Channel5

  153                           ;;;;;;;;;;;;;;;;;;;;;;;;;;;;;;;;;;;;;;;;;;;;;;
                                ;;;;;;

  154                           ;;

  155                           ;; Default interrupt handlers.

  156                           ;;

  157                                   THUMB

  158                           

  159                                   PUBWEAK Reset_Handler

  160                                   SECTION .text:CODE:REORDER:NOROOT(2)

  161                           Reset_Handler

  162    00000000 0148                  LDR     R0, =SystemInit

  163    00000002 8047                  BLX     R0

  164    00000004 0148                  LDR     R0, =__iar_program_start

  165    00000006 0047                  BX      R0

  166                                          

  167                                   PUBWEAK NMI_Handler

  167.1                                  TABLE

  167.2  00000008 ........              Reference on line 162

  167.3  0000000C ........              Reference on line 164

  168                                   SECTION .text:CODE:REORDER:NOROOT(1)

  169                           NMI_Handler

  170    00000000 ........              B NMI_Handler

  171                           

  172                                   PUBWEAK HardFault_Handler

  173                                   SECTION .text:CODE:REORDER:NOROOT(1)

  174                           HardFault_Handler

  175    00000000 ........              B HardFault_Handler

  176                           

  177                                   PUBWEAK MemManage_Handler

  178                                   SECTION .text:CODE:REORDER:NOROOT(1)

  179                           MemManage_Handler

  180    00000000 ........              B MemManage_Handler

  181                           

  182                                   PUBWEAK BusFault_Handler

  183                                   SECTION .text:CODE:REORDER:NOROOT(1)

  184                           BusFault_Handler

  185    00000000 ........              B BusFault_Handler

  186                           

  187                                   PUBWEAK UsageFault_Handler

  188                                   SECTION .text:CODE:REORDER:NOROOT(1)

  189                           UsageFault_Handler

  190    00000000 ........              B UsageFault_Handler

  191                           

  192                                   PUBWEAK SVC_Handler

  193                                   SECTION .text:CODE:REORDER:NOROOT(1)

  194                           SVC_Handler

  195    00000000 ........              B SVC_Handler

  196                           

  197                                   PUBWEAK DebugMon_Handler

  198                                   SECTION .text:CODE:REORDER:NOROOT(1)

  199                           DebugMon_Handler

  200    00000000 ........              B DebugMon_Handler

  201                           

  202                                   PUBWEAK PendSV_Handler

  203                                   SECTION .text:CODE:REORDER:NOROOT(1)

  204                           PendSV_Handler

  205    00000000 ........              B PendSV_Handler

  206                           

  207                                   PUBWEAK SysTick_Handler

  208                                   SECTION .text:CODE:REORDER:NOROOT(1)

  209                           SysTick_Handler

  210    00000000 ........              B SysTick_Handler

  211                           

  212                                   PUBWEAK WWDG_IRQHandler

  213                                   SECTION .text:CODE:REORDER:NOROOT(1)

  214                           WWDG_IRQHandler

  215    00000000 ........              B WWDG_IRQHandler

  216                           

  217                                   PUBWEAK PVD_IRQHandler

  218                                   SECTION .text:CODE:REORDER:NOROOT(1)

  219                           PVD_IRQHandler

  220    00000000 ........              B PVD_IRQHandler

  221                           

  222                                   PUBWEAK TAMPER_IRQHandler

  223                                   SECTION .text:CODE:REORDER:NOROOT(1)

  224                           TAMPER_IRQHandler

  225    00000000 ........              B TAMPER_IRQHandler

  226                           

  227                                   PUBWEAK RTC_IRQHandler

  228                                   SECTION .text:CODE:REORDER:NOROOT(1)

  229                           RTC_IRQHandler

  230    00000000 ........              B RTC_IRQHandler

  231                           

  232                                   PUBWEAK FLASH_IRQHandler

  233                                   SECTION .text:CODE:REORDER:NOROOT(1)

  234                           FLASH_IRQHandler

  235    00000000 ........              B FLASH_IRQHandler

  236                           

  237                                   PUBWEAK RCC_IRQHandler

  238                                   SECTION .text:CODE:REORDER:NOROOT(1)

  239                           RCC_IRQHandler

  240    00000000 ........              B RCC_IRQHandler

  241                           

  242                                   PUBWEAK EXTI0_IRQHandler

  243                                   SECTION .text:CODE:REORDER:NOROOT(1)

  244                           EXTI0_IRQHandler

  245    00000000 ........              B EXTI0_IRQHandler

  246                           

  247                                   PUBWEAK EXTI1_IRQHandler

  248                                   SECTION .text:CODE:REORDER:NOROOT(1)

  249                           EXTI1_IRQHandler

  250    00000000 ........              B EXTI1_IRQHandler

  251                           

  252                                   PUBWEAK EXTI2_IRQHandler

  253                                   SECTION .text:CODE:REORDER:NOROOT(1)

  254                           EXTI2_IRQHandler

  255    00000000 ........              B EXTI2_IRQHandler

  256                           

  257                                   PUBWEAK EXTI3_IRQHandler

  258                                   SECTION .text:CODE:REORDER:NOROOT(1)

  259                           EXTI3_IRQHandler

  260    00000000 ........              B EXTI3_IRQHandler

  261                           

  262                                   PUBWEAK EXTI4_IRQHandler

  263                                   SECTION .text:CODE:REORDER:NOROOT(1)

  264                           EXTI4_IRQHandler

  265    00000000 ........              B EXTI4_IRQHandler

  266                           

  267                                   PUBWEAK DMA1_Channel1_IRQHandler

  268                                   SECTION .text:CODE:REORDER:NOROOT(1)

  269                           DMA1_Channel1_IRQHandler

  270    00000000 ........              B DMA1_Channel1_IRQHandler

  271                           

  272                                   PUBWEAK DMA1_Channel2_IRQHandler

  273                                   SECTION .text:CODE:REORDER:NOROOT(1)

  274                           DMA1_Channel2_IRQHandler

  275    00000000 ........              B DMA1_Channel2_IRQHandler

  276                           

  277                                   PUBWEAK DMA1_Channel3_IRQHandler

  278                                   SECTION .text:CODE:REORDER:NOROOT(1)

  279                           DMA1_Channel3_IRQHandler

  280    00000000 ........              B DMA1_Channel3_IRQHandler

  281                           

  282                                   PUBWEAK DMA1_Channel4_IRQHandler

  283                                   SECTION .text:CODE:REORDER:NOROOT(1)

  284                           DMA1_Channel4_IRQHandler

  285    00000000 ........              B DMA1_Channel4_IRQHandler

  286                           

  287                                   PUBWEAK DMA1_Channel5_IRQHandler

  288                                   SECTION .text:CODE:REORDER:NOROOT(1)

  289                           DMA1_Channel5_IRQHandler

  290    00000000 ........              B DMA1_Channel5_IRQHandler

  291                           

  292                                   PUBWEAK DMA1_Channel6_IRQHandler

  293                                   SECTION .text:CODE:REORDER:NOROOT(1)

  294                           DMA1_Channel6_IRQHandler

  295    00000000 ........              B DMA1_Channel6_IRQHandler

  296                           

  297                                   PUBWEAK DMA1_Channel7_IRQHandler

  298                                   SECTION .text:CODE:REORDER:NOROOT(1)

  299                           DMA1_Channel7_IRQHandler

  300    00000000 ........              B DMA1_Channel7_IRQHandler

  301                           

  302                                   PUBWEAK ADC1_2_IRQHandler

  303                                   SECTION .text:CODE:REORDER:NOROOT(1)

  304                           ADC1_2_IRQHandler

  305    00000000 ........              B ADC1_2_IRQHandler

  306                           

  307                                   PUBWEAK USB_HP_CAN1_TX_IRQHandler

  308                                   SECTION .text:CODE:REORDER:NOROOT(1)

  309                           USB_HP_CAN1_TX_IRQHandler

  310    00000000 ........              B USB_HP_CAN1_TX_IRQHandler

  311                           

  312                                   PUBWEAK USB_LP_CAN1_RX0_IRQHandler

  313                                   SECTION .text:CODE:REORDER:NOROOT(1)

  314                           USB_LP_CAN1_RX0_IRQHandler

  315    00000000 ........              B USB_LP_CAN1_RX0_IRQHandler

  316                           

  317                                   PUBWEAK CAN1_RX1_IRQHandler

  318                                   SECTION .text:CODE:REORDER:NOROOT(1)

  319                           CAN1_RX1_IRQHandler

  320    00000000 ........              B CAN1_RX1_IRQHandler

  321                           

  322                                   PUBWEAK CAN1_SCE_IRQHandler

  323                                   SECTION .text:CODE:REORDER:NOROOT(1)

  324                           CAN1_SCE_IRQHandler

  325    00000000 ........              B CAN1_SCE_IRQHandler

  326                           

  327                                   PUBWEAK EXTI9_5_IRQHandler

  328                                   SECTION .text:CODE:REORDER:NOROOT(1)

  329                           EXTI9_5_IRQHandler

  330    00000000 ........              B EXTI9_5_IRQHandler

  331                           

  332                                   PUBWEAK TIM1_BRK_IRQHandler

  333                                   SECTION .text:CODE:REORDER:NOROOT(1)

  334                           TIM1_BRK_IRQHandler

  335    00000000 ........              B TIM1_BRK_IRQHandler

  336                           

  337                                   PUBWEAK TIM1_UP_IRQHandler

  338                                   SECTION .text:CODE:REORDER:NOROOT(1)

  339                           TIM1_UP_IRQHandler

  340    00000000 ........              B TIM1_UP_IRQHandler

  341                           

  342                                   PUBWEAK TIM1_TRG_COM_IRQHandler

  343                                   SECTION .text:CODE:REORDER:NOROOT(1)

  344                           TIM1_TRG_COM_IRQHandler

  345    00000000 ........              B TIM1_TRG_COM_IRQHandler

  346                           

  347                                   PUBWEAK TIM1_CC_IRQHandler

  348                                   SECTION .text:CODE:REORDER:NOROOT(1)

  349                           TIM1_CC_IRQHandler

  350    00000000 ........              B TIM1_CC_IRQHandler

  351                           

  352                                   PUBWEAK TIM2_IRQHandler

  353                                   SECTION .text:CODE:REORDER:NOROOT(1)

  354                           TIM2_IRQHandler

  355    00000000 ........              B TIM2_IRQHandler

  356                           

  357                                   PUBWEAK TIM3_IRQHandler

  358                                   SECTION .text:CODE:REORDER:NOROOT(1)

  359                           TIM3_IRQHandler

  360    00000000 ........              B TIM3_IRQHandler

  361                           

  362                                   PUBWEAK TIM4_IRQHandler

  363                                   SECTION .text:CODE:REORDER:NOROOT(1)

  364                           TIM4_IRQHandler

  365    00000000 ........              B TIM4_IRQHandler

  366                           

  367                                   PUBWEAK I2C1_EV_IRQHandler

  368                                   SECTION .text:CODE:REORDER:NOROOT(1)

  369                           I2C1_EV_IRQHandler

  370    00000000 ........              B I2C1_EV_IRQHandler

  371                           

  372                                   PUBWEAK I2C1_ER_IRQHandler

  373                                   SECTION .text:CODE:REORDER:NOROOT(1)

  374                           I2C1_ER_IRQHandler

  375    00000000 ........              B I2C1_ER_IRQHandler

  376                           

  377                                   PUBWEAK I2C2_EV_IRQHandler

  378                                   SECTION .text:CODE:REORDER:NOROOT(1)

  379                           I2C2_EV_IRQHandler

  380    00000000 ........              B I2C2_EV_IRQHandler

  381                           

  382                                   PUBWEAK I2C2_ER_IRQHandler

  383                                   SECTION .text:CODE:REORDER:NOROOT(1)

  384                           I2C2_ER_IRQHandler

  385    00000000 ........              B I2C2_ER_IRQHandler

  386                           

  387                                   PUBWEAK SPI1_IRQHandler

  388                                   SECTION .text:CODE:REORDER:NOROOT(1)

  389                           SPI1_IRQHandler

  390    00000000 ........              B SPI1_IRQHandler

  391                           

  392                                   PUBWEAK SPI2_IRQHandler

  393                                   SECTION .text:CODE:REORDER:NOROOT(1)

  394                           SPI2_IRQHandler

  395    00000000 ........              B SPI2_IRQHandler

  396                           

  397                                   PUBWEAK USART1_IRQHandler

  398                                   SECTION .text:CODE:REORDER:NOROOT(1)

  399                           USART1_IRQHandler

  400    00000000 ........              B USART1_IRQHandler

  401                           

  402                                   PUBWEAK USART2_IRQHandler

  403                                   SECTION .text:CODE:REORDER:NOROOT(1)

  404                           USART2_IRQHandler

  405    00000000 ........              B USART2_IRQHandler

  406                           

  407                                   PUBWEAK USART3_IRQHandler

  408                                   SECTION .text:CODE:REORDER:NOROOT(1)

  409                           USART3_IRQHandler

  410    00000000 ........              B USART3_IRQHandler

  411                           

  412                                   PUBWEAK EXTI15_10_IRQHandler

  413                                   SECTION .text:CODE:REORDER:NOROOT(1)

  414                           EXTI15_10_IRQHandler

  415    00000000 ........              B EXTI15_10_IRQHandler

  416                           

  417                                   PUBWEAK RTC_Alarm_IRQHandler

  418                                   SECTION .text:CODE:REORDER:NOROOT(1)

  419                           RTC_Alarm_IRQHandler

  420    00000000 ........              B RTC_Alarm_IRQHandler

  421                           

  422                                   PUBWEAK USBWakeUp_IRQHandler

  423                                   SECTION .text:CODE:REORDER:NOROOT(1)

  424                           USBWakeUp_IRQHandler

  425    00000000 ........              B USBWakeUp_IRQHandler

  426                           

  427                                   PUBWEAK TIM8_BRK_IRQHandler

  428                                   SECTION .text:CODE:REORDER:NOROOT(1)

  429                           TIM8_BRK_IRQHandler

  430    00000000 ........              B TIM8_BRK_IRQHandler

  431                           

  432                                   PUBWEAK TIM8_UP_IRQHandler

  433                                   SECTION .text:CODE:REORDER:NOROOT(1)

  434                           TIM8_UP_IRQHandler

  435    00000000 ........              B TIM8_UP_IRQHandler

  436                           

  437                                   PUBWEAK TIM8_TRG_COM_IRQHandler

  438                                   SECTION .text:CODE:REORDER:NOROOT(1)

  439                           TIM8_TRG_COM_IRQHandler

  440    00000000 ........              B TIM8_TRG_COM_IRQHandler

  441                           

  442                                   PUBWEAK TIM8_CC_IRQHandler

  443                                   SECTION .text:CODE:REORDER:NOROOT(1)

  444                           TIM8_CC_IRQHandler

  445    00000000 ........              B TIM8_CC_IRQHandler

  446                           

  447                                   PUBWEAK ADC3_IRQHandler

  448                                   SECTION .text:CODE:REORDER:NOROOT(1)

  449                           ADC3_IRQHandler

  450    00000000 ........              B ADC3_IRQHandler

  451                           

  452                                   PUBWEAK FSMC_IRQHandler

  453                                   SECTION .text:CODE:REORDER:NOROOT(1)

  454                           FSMC_IRQHandler

  455    00000000 ........              B FSMC_IRQHandler

  456                           

  457                                   PUBWEAK SDIO_IRQHandler

  458                                   SECTION .text:CODE:REORDER:NOROOT(1)

  459                           SDIO_IRQHandler

  460    00000000 ........              B SDIO_IRQHandler

  461                           

  462                                   PUBWEAK TIM5_IRQHandler

  463                                   SECTION .text:CODE:REORDER:NOROOT(1)

  464                           TIM5_IRQHandler

  465    00000000 ........              B TIM5_IRQHandler

  466                           

  467                                   PUBWEAK SPI3_IRQHandler

  468                                   SECTION .text:CODE:REORDER:NOROOT(1)

  469                           SPI3_IRQHandler

  470    00000000 ........              B SPI3_IRQHandler

  471                           

  472                                   PUBWEAK UART4_IRQHandler

  473                                   SECTION .text:CODE:REORDER:NOROOT(1)

  474                           UART4_IRQHandler

  475    00000000 ........              B UART4_IRQHandler

  476                           

  477                                   PUBWEAK UART5_IRQHandler

  478                                   SECTION .text:CODE:REORDER:NOROOT(1)

  479                           UART5_IRQHandler

  480    00000000 ........              B UART5_IRQHandler

  481                           

  482                                   PUBWEAK TIM6_IRQHandler

  483                                   SECTION .text:CODE:REORDER:NOROOT(1)

  484                           TIM6_IRQHandler

  485    00000000 ........              B TIM6_IRQHandler

  486                           

  487                                   PUBWEAK TIM7_IRQHandler

  488                                   SECTION .text:CODE:REORDER:NOROOT(1)

  489                           TIM7_IRQHandler

  490    00000000 ........              B TIM7_IRQHandler

  491                           

  492                                   PUBWEAK DMA2_Channel1_IRQHandler

  493                                   SECTION .text:CODE:REORDER:NOROOT(1)

  494                           DMA2_Channel1_IRQHandler

  495    00000000 ........              B DMA2_Channel1_IRQHandler

  496                           

  497                                   PUBWEAK DMA2_Channel2_IRQHandler

  498                                   SECTION .text:CODE:REORDER:NOROOT(1)

  499                           DMA2_Channel2_IRQHandler

  500    00000000 ........              B DMA2_Channel2_IRQHandler

  501                           

  502                                   PUBWEAK DMA2_Channel3_IRQHandler

  503                                   SECTION .text:CODE:REORDER:NOROOT(1)

  504                           DMA2_Channel3_IRQHandler

  505    00000000 ........              B DMA2_Channel3_IRQHandler

  506                           

  507                                   PUBWEAK DMA2_Channel4_5_IRQHandler

  508                                   SECTION .text:CODE:REORDER:NOROOT(1)

  509                           DMA2_Channel4_5_IRQHandler

  510    00000000 ........              B DMA2_Channel4_5_IRQHandler

  511                                   

  512                                   

  513                                   END





EOF                  DELIMITER 

\n                   DELIMITER 

                     DELIMITER 

!                    OPERATOR 

!=                   OPERATOR 

%                    OPERATOR 

&                    OPERATOR 

&&                   OPERATOR 

(                    OPERATOR 

(                    DELIMITER 

)                    OPERATOR 

)                    DELIMITER 

*                    OPERATOR 

+                    OPERATOR 

,                    DELIMITER 

-                    OPERATOR 

.                    Target symbol: 24 

/                    OPERATOR 

/                    DELIMITER 

:                    Target symbol: 22 

:                    DELIMITER 

;                    Target symbol: 23 

<                    OPERATOR 

<<                   OPERATOR 

<=                   OPERATOR 

<>                   OPERATOR 

=                    OPERATOR 

=                    DIRECTIVE 

==                   OPERATOR 

>                    OPERATOR 

>=                   OPERATOR 

>>                   OPERATOR 

@                    DELIMITER 

AAPCS                DIRECTIVE 

ALIAS                DIRECTIVE 

ALIGN                DIRECTIVE 

ALIGNRAM             DIRECTIVE 

ALIGNROM             DIRECTIVE 

ANOTE                DIRECTIVE 

ARGFRAME             DIRECTIVE 

ARM                  DIRECTIVE 

ASEGN                DIRECTIVE 

ASR                  MNEMONIC 

BIT                  SEGMENT TYPE 

BYTE1                OPERATOR 

BYTE2                OPERATOR 

BYTE3                OPERATOR 

BYTE4                OPERATOR 

C0                   REGISTER 

C1                   REGISTER 

C10                  REGISTER 

C11                  REGISTER 

C12                  REGISTER 

C13                  REGISTER 

C14                  REGISTER 

C15                  REGISTER 

C2                   REGISTER 

C3                   REGISTER 

C4                   REGISTER 

C5                   REGISTER 

C6                   REGISTER 

C7                   REGISTER 

C8                   REGISTER 

C9                   REGISTER 

CALL_GRAPH_ROOT      DIRECTIVE 

CASEOFF              DIRECTIVE 

CASEON               DIRECTIVE 

CBREL                OPERATOR 

CBREL_NEAR           OPERATOR 

CFI                  DIRECTIVE 

CODE                 SEGMENT TYPE 

CODE                 DIRECTIVE 

CODE16               DIRECTIVE 

CODE32               DIRECTIVE 

COL                  DIRECTIVE 

CONST                SEGMENT TYPE 

DATA                 SEGMENT TYPE 

DATA                 DIRECTIVE 

DATE                 OPERATOR 

DC16                 DIRECTIVE 

DC24                 DIRECTIVE 

DC32                 DIRECTIVE 

DC8                  DIRECTIVE 

DCB                  DIRECTIVE 

DCD                  DIRECTIVE 

DCREL32              DIRECTIVE 

DCW                  DIRECTIVE 

DEFINE               DIRECTIVE 

DF32                 DIRECTIVE 

DF64                 DIRECTIVE 

DS16                 DIRECTIVE 

DS24                 DIRECTIVE 

DS32                 DIRECTIVE 

DS8                  DIRECTIVE 

ELSE                 DIRECTIVE 

ELSEIF               DIRECTIVE 

END                  DIRECTIVE 

ENDIF                DIRECTIVE 

ENDM                 DIRECTIVE 

ENDMOD               DIRECTIVE 

ENDR                 DIRECTIVE 

EQU                  DIRECTIVE 

EVEN                 DIRECTIVE 

EXCEPTION_CODE       DIRECTIVE 

EXITM                DIRECTIVE 

EXPORT               DIRECTIVE 

EXTERN               DIRECTIVE 

EXTWEAK              DIRECTIVE 

FAR                  SEGMENT TYPE 

FARCODE              SEGMENT TYPE 

FARCONST             SEGMENT TYPE 

FARDATA              SEGMENT TYPE 

FUNCALL              DIRECTIVE 

FUNCTION             DIRECTIVE 

HIGH                 OPERATOR 

HUGE                 SEGMENT TYPE 

HUGECODE             SEGMENT TYPE 

HUGECONST            SEGMENT TYPE 

HUGEDATA             SEGMENT TYPE 

HWRD                 OPERATOR 

IDATA                SEGMENT TYPE 

IF                   DIRECTIVE 

IMPORT               DIRECTIVE 

INCLUDE              DIRECTIVE 

LIBRARY              DIRECTIVE 

LOCAL                DIRECTIVE 

LOCFRAME             DIRECTIVE 

LOW                  OPERATOR 

LR                   REGISTER 

LSL                  MNEMONIC 

LSR                  MNEMONIC 

LSTCND               DIRECTIVE 

LSTCOD               DIRECTIVE 

LSTEXP               DIRECTIVE 

LSTMAC               DIRECTIVE 

LSTOUT               DIRECTIVE 

LSTPAG               DIRECTIVE 

LSTREP               DIRECTIVE 

LSTXRF               DIRECTIVE 

LTORG                DIRECTIVE 

LWRD                 OPERATOR 

MACRO                DIRECTIVE 

MODULE               DIRECTIVE 

NAME                 DIRECTIVE 

NEAR                 SEGMENT TYPE 

NEARCODE             SEGMENT TYPE 

NEARCONST            SEGMENT TYPE 

NEARDATA             SEGMENT TYPE 

NOALLOC              SEGMENT TYPE 

NOCALL               DIRECTIVE 

NOROOT               SEGMENT TYPE 

NPAGE                SEGMENT TYPE 

ODD                  DIRECTIVE 

P0                   REGISTER 

P1                   REGISTER 

P10                  REGISTER 

P11                  REGISTER 

P12                  REGISTER 

P13                  REGISTER 

P14                  REGISTER 

P15                  REGISTER 

P2                   REGISTER 

P3                   REGISTER 

P4                   REGISTER 

P5                   REGISTER 

P6                   REGISTER 

P7                   REGISTER 

P8                   REGISTER 

P9                   REGISTER 

PAGE                 DIRECTIVE 

PAGSIZ               DIRECTIVE 

PC                   REGISTER 

PRESERVE8            DIRECTIVE 

PROGRAM              DIRECTIVE 

PUBLIC               DIRECTIVE 

PUBWEAK              DIRECTIVE 

R0                   REGISTER 

R1                   REGISTER 

R10                  REGISTER 

R11                  REGISTER 

R12                  REGISTER 

R13                  REGISTER 

R14                  REGISTER 

R15                  REGISTER 

R2                   REGISTER 

R3                   REGISTER 

R4                   REGISTER 

R5                   REGISTER 

R6                   REGISTER 

R7                   REGISTER 

R8                   REGISTER 

R9                   REGISTER 

RADIX                DIRECTIVE 

REGISTER             SEGMENT TYPE 

RELOC_ARM_PREL31     OPERATOR 

RELOC_ARM_TARGET1    OPERATOR 

RELOC_ARM_TARGET2    OPERATOR 

RELOC_LOCAL          OPERATOR 

REORDER              SEGMENT TYPE 

REPT                 DIRECTIVE 

REPTC                DIRECTIVE 

REPTI                DIRECTIVE 

REQUIRE              DIRECTIVE 

REQUIRE8             DIRECTIVE 

ROOT                 SEGMENT TYPE 

ROR                  MNEMONIC 

RRX                  MNEMONIC 

RSEG                 DIRECTIVE 

RTMODEL              DIRECTIVE 

SBREL                OPERATOR 

SBREL_NEAR           OPERATOR 

SECTION              DIRECTIVE 

SECTION_GROUP        DIRECTIVE 

SECTION_LINK         DIRECTIVE 

SECTION_TYPE         DIRECTIVE 

SET                  DIRECTIVE 

SETA                 DIRECTIVE 

SFB                  OPERATOR 

SFE                  OPERATOR 

SFS                  OPERATOR 

SIZEOF               OPERATOR 

SORT                 SEGMENT TYPE 

SP                   REGISTER 

THUMB                DIRECTIVE 

THUMBX               DIRECTIVE 

UGT                  OPERATOR 

ULT                  OPERATOR 

UNTYPED              SEGMENT TYPE 

VAR                  DIRECTIVE 

XDATA                SEGMENT TYPE 

XOR                  OPERATOR 

ZPAGE                SEGMENT TYPE 

[                    DELIMITER 

]                    DELIMITER 

^                    OPERATOR 

^                    DELIMITER 

__ARM4TM__           #define, value: 4, line:         0  

__ARM5TM__           #define, value: 5, line:         0  

__ARM5T__            #define, value: 5, line:         0  

__ARM5__             #define, value: 5, line:         0  

__ARM6M__            #define, value: 11, line:         0  

__ARM6SM__           #define, value: 12, line:         0  

__ARM6T2__           #define, value: 6, line:         0  

__ARM6__             #define, value: 6, line:         0  

__ARM7M__            #define, value: 7, line:         0  

__ARM7__             #define, value: 7, line:         0  

__ARM_PROFILE_M__    #define, value: 1, line:         0  

__BUILD_NUMBER__     #define,            line:         0  

__CORE__             #define, value: __ARM7M__, line:         0  

__DATE__             #define,            line:         0  

__FILE__             #define,            line:         0  

__IAR_SYSTEMS_ASM    #define,            line:         0  

__IAR_SYSTEMS_ASM__  #define,            line:         0  

__IASMARM__          #define, value: 1, line:         0  

__LINE__             #define,            line:         0  

__LITTLE_ENDIAN__    #define, value: 1, line:         0  

__SUBVERSION__       #define,            line:         0  

__TID__              #define,            line:         0  

__TIME__             #define,            line:         0  

__VER__              #define,            line:         0  

define               PREPROCESSOR DIRECTIVE 

defined              Target symbol: 0 

elif                 PREPROCESSOR DIRECTIVE 

else                 PREPROCESSOR DIRECTIVE 

endif                PREPROCESSOR DIRECTIVE 

error                PREPROCESSOR DIRECTIVE 

if                   PREPROCESSOR DIRECTIVE 

ifdef                PREPROCESSOR DIRECTIVE 

ifndef               PREPROCESSOR DIRECTIVE 

include              PREPROCESSOR DIRECTIVE 

line                 PREPROCESSOR DIRECTIVE 

message              PREPROCESSOR DIRECTIVE 

pragma               PREPROCESSOR DIRECTIVE 

undef                PREPROCESSOR DIRECTIVE 

{                    DELIMITER 

|                    OPERATOR 

||                   OPERATOR 

}                    DELIMITER 

~                    OPERATOR 



Segment             Type 	Mode

----------------------------------------

.intvec             CODE  	REL 

.text               CODE  	REL 

CSTACK              DATA  	REL 

__EXTERNS           CODE  	ABS Org:0 



Label               Mode   Type                   Segment    Value/Offset

------------------------------------------------------------------------------

??DUMMY_SYMBOL_IN_BACKEND_PARSED_OPERANDS
                    ABS    CONST UNTYP.           ASEG       1267 

ADC1_2_IRQHandler   REL    CONST EXT [030] UNTYP. .intvec    Solved Extern 

ADC3_IRQHandler     REL    CONST EXT [059] UNTYP. .intvec    Solved Extern 

BusFault_Handler    REL    CONST EXT [006] UNTYP. .intvec    Solved Extern 

CAN1_RX1_IRQHandler REL    CONST EXT [033] UNTYP. .intvec    Solved Extern 

CAN1_SCE_IRQHandler REL    CONST EXT [034] UNTYP. .intvec    Solved Extern 

DMA1_Channel1_IRQHandlerREL    CONST EXT [023] UNTYP. .intvec    Solved Extern 

DMA1_Channel2_IRQHandlerREL    CONST EXT [024] UNTYP. .intvec    Solved Extern 

DMA1_Channel3_IRQHandlerREL    CONST EXT [025] UNTYP. .intvec    Solved Extern 

DMA1_Channel4_IRQHandlerREL    CONST EXT [026] UNTYP. .intvec    Solved Extern 

DMA1_Channel5_IRQHandlerREL    CONST EXT [027] UNTYP. .intvec    Solved Extern 

DMA1_Channel6_IRQHandlerREL    CONST EXT [028] UNTYP. .intvec    Solved Extern 

DMA1_Channel7_IRQHandlerREL    CONST EXT [029] UNTYP. .intvec    Solved Extern 

DMA2_Channel1_IRQHandlerREL    CONST EXT [068] UNTYP. .intvec    Solved Extern 

DMA2_Channel2_IRQHandlerREL    CONST EXT [069] UNTYP. .intvec    Solved Extern 

DMA2_Channel3_IRQHandlerREL    CONST EXT [070] UNTYP. .intvec    Solved Extern 

DMA2_Channel4_5_IRQHandlerREL    CONST EXT [071] UNTYP. .intvec    Solved Extern 

DebugMon_Handler    REL    CONST EXT [009] UNTYP. .intvec    Solved Extern 

EXTI0_IRQHandler    REL    CONST EXT [018] UNTYP. .intvec    Solved Extern 

EXTI15_10_IRQHandlerREL    CONST EXT [052] UNTYP. .intvec    Solved Extern 

EXTI1_IRQHandler    REL    CONST EXT [019] UNTYP. .intvec    Solved Extern 

EXTI2_IRQHandler    REL    CONST EXT [020] UNTYP. .intvec    Solved Extern 

EXTI3_IRQHandler    REL    CONST EXT [021] UNTYP. .intvec    Solved Extern 

EXTI4_IRQHandler    REL    CONST EXT [022] UNTYP. .intvec    Solved Extern 

EXTI9_5_IRQHandler  REL    CONST EXT [035] UNTYP. .intvec    Solved Extern 

FLASH_IRQHandler    REL    CONST EXT [016] UNTYP. .intvec    Solved Extern 

FSMC_IRQHandler     REL    CONST EXT [060] UNTYP. .intvec    Solved Extern 

HardFault_Handler   REL    CONST EXT [004] UNTYP. .intvec    Solved Extern 

I2C1_ER_IRQHandler  REL    CONST EXT [044] UNTYP. .intvec    Solved Extern 

I2C1_EV_IRQHandler  REL    CONST EXT [043] UNTYP. .intvec    Solved Extern 

I2C2_ER_IRQHandler  REL    CONST EXT [046] UNTYP. .intvec    Solved Extern 

I2C2_EV_IRQHandler  REL    CONST EXT [045] UNTYP. .intvec    Solved Extern 

MemManage_Handler   REL    CONST EXT [005] UNTYP. .intvec    Solved Extern 

NMI_Handler         REL    CONST EXT [003] UNTYP. .intvec    Solved Extern 

PVD_IRQHandler      REL    CONST EXT [013] UNTYP. .intvec    Solved Extern 

PendSV_Handler      REL    CONST EXT [010] UNTYP. .intvec    Solved Extern 

RCC_IRQHandler      REL    CONST EXT [017] UNTYP. .intvec    Solved Extern 

RTC_Alarm_IRQHandlerREL    CONST EXT [053] UNTYP. .intvec    Solved Extern 

RTC_IRQHandler      REL    CONST EXT [015] UNTYP. .intvec    Solved Extern 

Reset_Handler       REL    CONST EXT [002] UNTYP. .intvec    Solved Extern 

SDIO_IRQHandler     REL    CONST EXT [061] UNTYP. .intvec    Solved Extern 

SPI1_IRQHandler     REL    CONST EXT [047] UNTYP. .intvec    Solved Extern 

SPI2_IRQHandler     REL    CONST EXT [048] UNTYP. .intvec    Solved Extern 

SPI3_IRQHandler     REL    CONST EXT [063] UNTYP. .intvec    Solved Extern 

SVC_Handler         REL    CONST EXT [008] UNTYP. .intvec    Solved Extern 

SysTick_Handler     REL    CONST EXT [011] UNTYP. .intvec    Solved Extern 

SystemInit          ABS    CONST EXT [001] UNTYP. __EXTERNS  Solved Extern 

TAMPER_IRQHandler   REL    CONST EXT [014] UNTYP. .intvec    Solved Extern 

TID                 ABS    CONST UNTYP.           ASEG       4F00 

TIM1_BRK_IRQHandler REL    CONST EXT [036] UNTYP. .intvec    Solved Extern 

TIM1_CC_IRQHandler  REL    CONST EXT [039] UNTYP. .intvec    Solved Extern 

TIM1_TRG_COM_IRQHandlerREL    CONST EXT [038] UNTYP. .intvec    Solved Extern 

TIM1_UP_IRQHandler  REL    CONST EXT [037] UNTYP. .intvec    Solved Extern 

TIM2_IRQHandler     REL    CONST EXT [040] UNTYP. .intvec    Solved Extern 

TIM3_IRQHandler     REL    CONST EXT [041] UNTYP. .intvec    Solved Extern 

TIM4_IRQHandler     REL    CONST EXT [042] UNTYP. .intvec    Solved Extern 

TIM5_IRQHandler     REL    CONST EXT [062] UNTYP. .intvec    Solved Extern 

TIM6_IRQHandler     REL    CONST EXT [066] UNTYP. .intvec    Solved Extern 

TIM7_IRQHandler     REL    CONST EXT [067] UNTYP. .intvec    Solved Extern 

TIM8_BRK_IRQHandler REL    CONST EXT [055] UNTYP. .intvec    Solved Extern 

TIM8_CC_IRQHandler  REL    CONST EXT [058] UNTYP. .intvec    Solved Extern 

TIM8_TRG_COM_IRQHandlerREL    CONST EXT [057] UNTYP. .intvec    Solved Extern 

TIM8_UP_IRQHandler  REL    CONST EXT [056] UNTYP. .intvec    Solved Extern 

UART4_IRQHandler    REL    CONST EXT [064] UNTYP. .intvec    Solved Extern 

UART5_IRQHandler    REL    CONST EXT [065] UNTYP. .intvec    Solved Extern 

USART1_IRQHandler   REL    CONST EXT [049] UNTYP. .intvec    Solved Extern 

USART2_IRQHandler   REL    CONST EXT [050] UNTYP. .intvec    Solved Extern 

USART3_IRQHandler   REL    CONST EXT [051] UNTYP. .intvec    Solved Extern 

USBWakeUp_IRQHandlerREL    CONST EXT [054] UNTYP. .intvec    Solved Extern 

USB_HP_CAN1_TX_IRQHandlerREL    CONST EXT [031] UNTYP. .intvec    Solved Extern 

USB_LP_CAN1_RX0_IRQHandlerREL    CONST EXT [032] UNTYP. .intvec    Solved Extern 

UsageFault_Handler  REL    CONST EXT [007] UNTYP. .intvec    Solved Extern 

WWDG_IRQHandler     REL    CONST EXT [012] UNTYP. .intvec    Solved Extern 

__iar_program_start ABS    CONST EXT [000] UNTYP. __EXTERNS  Solved Extern 

__lab0              REL    CONST UNTYP.           .text      8 

__lab1              REL    CONST UNTYP.           .text      C 

__vector_table      REL    CONST PUB UNTYP.       .intvec    0 





##############################
#           CRC:0            #
#        Errors:   0         #
#        Warnings: 0         #
#         Bytes: 596         #
##############################



